\BOOKMARK [1][-]{section.1}{Einleitung}{}% 1
\BOOKMARK [1][-]{section.2}{Theorie}{}% 2
\BOOKMARK [1][-]{section.3}{Experimenteller Aufbau}{}% 3
\BOOKMARK [1][-]{section.4}{Versuchsdurchf\374hrung}{}% 4
\BOOKMARK [2][-]{subsection.4.1}{Inbetriebnahme des Funktionsgenerators}{section.4}% 5
\BOOKMARK [2][-]{subsection.4.2}{Inbetriebnahme Wasserkreislauf, Polaristor und Analysator}{section.4}% 6
\BOOKMARK [2][-]{subsection.4.3}{Inbetriebnahme Computer und Messung von S2\(t12\)}{section.4}% 7
\BOOKMARK [2][-]{subsection.4.4}{Inbetriebnahme Sample and Hold Verst\344rker und Messung von S2\(t,Ipol\)}{section.4}% 8
\BOOKMARK [2][-]{subsection.4.5}{Messung der Spindrehung im St\366rfeld, S2\(\)}{section.4}% 9
\BOOKMARK [2][-]{subsection.4.6}{Messung der Resonanz im Feld der Helmholtzspulen}{section.4}% 10
\BOOKMARK [2][-]{subsection.4.7}{Bestimmung der Relaxationszeit von Protonen}{section.4}% 11
\BOOKMARK [2][-]{subsection.4.8}{Bestimmung des St\366rfeldes}{section.4}% 12
\BOOKMARK [1][-]{section.5}{Auswertung}{}% 13
\BOOKMARK [2][-]{subsection.5.1}{Inbetriebnahme des Funktionsgenerators}{section.5}% 14
\BOOKMARK [2][-]{subsection.5.2}{Inbetriebnahme Wasserkreislauf, Polaristor und Analysator}{section.5}% 15
\BOOKMARK [2][-]{subsection.5.3}{Inbetriebnahme Computer und Messung von S2\(t12\)}{section.5}% 16
\BOOKMARK [2][-]{subsection.5.4}{Inbetriebnahme Sample and Hold Verst\344rker und Messung von S2\(t,Ipol\)}{section.5}% 17
\BOOKMARK [2][-]{subsection.5.5}{Messung der Spindrehung im St\366rfeld, S2\(\)}{section.5}% 18
\BOOKMARK [2][-]{subsection.5.6}{Messung der Resonanz im Feld der Helmholtzspulen}{section.5}% 19
\BOOKMARK [2][-]{subsection.5.7}{Bestimmung der Relaxationszeit von Protonen}{section.5}% 20
\BOOKMARK [2][-]{subsection.5.8}{Bestimmung des St\366rfeldes}{section.5}% 21
\BOOKMARK [1][-]{section.6}{Zusammenfassung}{}% 22
\BOOKMARK [1][-]{section.7}{Anhang}{}% 23
