This is pdfTeX, Version 3.1415926-1.40.11 (MiKTeX 2.9) (preloaded format=pdflatex 2013.9.13)  18 SEP 2013 23:36
entering extended mode
**main.tex
(C:\Users\Daniel\fp\QHE\main.tex
LaTeX2e <2009/09/24>
Babel <v3.8l> and hyphenation patterns for english, afrikaans, ancientgreek, ar
abic, armenian, assamese, basque, bengali, bokmal, bulgarian, catalan, coptic, 
croatian, czech, danish, dutch, esperanto, estonian, farsi, finnish, french, ga
lician, german, german-x-2009-06-19, greek, gujarati, hindi, hungarian, iceland
ic, indonesian, interlingua, irish, italian, kannada, kurmanji, lao, latin, lat
vian, lithuanian, malayalam, marathi, mongolian, mongolianlmc, monogreek, ngerm
an, ngerman-x-2009-06-19, nynorsk, oriya, panjabi, pinyin, polish, portuguese, 
romanian, russian, sanskrit, serbian, slovak, slovenian, spanish, swedish, swis
sgerman, tamil, telugu, turkish, turkmen, ukenglish, ukrainian, uppersorbian, u
senglishmax, welsh, loaded.
(C:\Users\Daniel\AppData\Roaming\MiKTeX\2.9\tex\latex\koma-script\scrartcl.cls
Document Class: scrartcl 2011/02/19 v3.08a KOMA-Script document class (article)

(C:\Users\Daniel\AppData\Roaming\MiKTeX\2.9\tex\latex\koma-script\scrkbase.sty
Package: scrkbase 2011/02/19 v3.08a KOMA-Script package (KOMA-Script-dependent 
basics and keyval usage)

(C:\Users\Daniel\AppData\Roaming\MiKTeX\2.9\tex\latex\koma-script\scrbase.sty
Package: scrbase 2011/02/19 v3.08a KOMA-Script package (KOMA-Script-independent
 basics and keyval usage)

("C:\Program Files\Büro\LaTex\MiKTeX 2.9.3972\tex\latex\graphics\keyval.sty"
Package: keyval 1999/03/16 v1.13 key=value parser (DPC)
\KV@toks@=\toks14
)
(C:\Users\Daniel\AppData\Roaming\MiKTeX\2.9\tex\latex\koma-script\scrlfile.sty
Package: scrlfile 2011/02/11 v3.08a KOMA-Script package (loading files)

Package scrlfile, 2011/02/11 v3.08a KOMA-Script package (loading files)
                  Copyright (C) Markus Kohm

)))
(C:\Users\Daniel\AppData\Roaming\MiKTeX\2.9\tex\latex\koma-script\tocbasic.sty
Package: tocbasic 2010/10/01 v3.07a KOMA-Script package (handling toc-files)
)
Package tocbasic Info: omitting babel extension for `toc'
(tocbasic)             because of feature `nobabel' available
(tocbasic)             for `toc' on input line 115.
Package tocbasic Info: omitting babel extension for `lof'
(tocbasic)             because of feature `nobabel' available
(tocbasic)             for `lof' on input line 116.
Package tocbasic Info: omitting babel extension for `lot'
(tocbasic)             because of feature `nobabel' available
(tocbasic)             for `lot' on input line 117.
Class scrartcl Info: File `scrsize10pt.clo' used to setup font sizes on input l
ine 1226.

(C:\Users\Daniel\AppData\Roaming\MiKTeX\2.9\tex\latex\koma-script\scrsize10pt.c
lo
File: scrsize10pt.clo 2011/02/19 v3.08a KOMA-Script font size class option (10p
t)
)
(C:\Users\Daniel\AppData\Roaming\MiKTeX\2.9\tex\latex\koma-script\typearea.sty
Package: typearea 2011/02/19 v3.08a KOMA-Script package (type area)

Package typearea, 2011/02/19 v3.08a KOMA-Script package (type area)
                  Copyright (C) Frank Neukam, 1992-1994
                  Copyright (C) Markus Kohm, 1994-

\ta@bcor=\skip41
\ta@div=\count79
\ta@hblk=\skip42
\ta@vblk=\skip43
\ta@temp=\skip44

Package typearea Warning: Maybe no optimal type area settings!
(typearea)                The maximum limit of line width is about 23%
(typearea)                larger than the heuristically detected line width.
(typearea)                You may e.g. increase DIV, decrease fontsize
(typearea)                or change the papersize.

Package typearea Info: These are the values describing the layout:
(typearea)             DIV  = 18
(typearea)             BCOR = 0.0pt
(typearea)             \paperwidth      = 597.50793pt
(typearea)              \textwidth      = 497.92328pt
(typearea)              DIV departure   = 23%
(typearea)              \evensidemargin = -22.47766pt
(typearea)              \oddsidemargin  = -22.47766pt
(typearea)             \paperheight     = 845.04694pt
(typearea)              \textheight     = 706.0pt
(typearea)              \topmargin      = -58.32294pt
(typearea)              \headheight     = 15.0pt
(typearea)              \headsep        = 18.0pt
(typearea)              \topskip        = 10.0pt
(typearea)              \footskip       = 42.0pt
(typearea)              \baselineskip   = 12.0pt
(typearea)              on input line 1136.
)
\c@part=\count80
\c@section=\count81
\c@subsection=\count82
\c@subsubsection=\count83
\c@paragraph=\count84
\c@subparagraph=\count85
\abovecaptionskip=\skip45
\belowcaptionskip=\skip46
\c@pti@nb@sid@b@x=\box26
\c@figure=\count86
\c@table=\count87
\bibindent=\dimen102
) (C:\Users\Daniel\AppData\Roaming\MiKTeX\2.9\tex\latex\caption\caption.sty
Package: caption 2010/01/09 v3.1m Customizing captions (AR)

(C:\Users\Daniel\AppData\Roaming\MiKTeX\2.9\tex\latex\caption\caption3.sty
Package: caption3 2010/01/14 v3.1m caption3 kernel (AR)
\captionmargin=\dimen103
\captionmargin@=\dimen104
\captionwidth=\dimen105
\caption@indent=\dimen106
\caption@parindent=\dimen107
\caption@hangindent=\dimen108
)
Package caption Info: KOMA-Script document class.
\c@ContinuedFloat=\count88
)
("C:\Program Files\Büro\LaTex\MiKTeX 2.9.3972\tex\styles\bijan_koma.sty"
Package: bijan_koma 

(C:\Users\Daniel\AppData\Roaming\MiKTeX\2.9\tex\latex\lastpage\lastpage.sty
Package: lastpage 2011/02/01 v1.2g Refers to last page's name (HMM; JPG)
)
(C:\Users\Daniel\AppData\Roaming\MiKTeX\2.9\tex\latex\subfig\subfig.sty
Package: subfig 2005/06/28 ver: 1.3 subfig package
\c@KVtest=\count89
\sf@farskip=\skip47
\sf@captopadj=\dimen109
\sf@capskip=\skip48
\sf@nearskip=\skip49
\c@subfigure=\count90
\c@subfigure@save=\count91
\c@lofdepth=\count92
\c@subtable=\count93
\c@subtable@save=\count94
\c@lotdepth=\count95
\sf@top=\skip50
\sf@bottom=\skip51
)
("C:\Program Files\Büro\LaTex\MiKTeX 2.9.3972\tex\latex\base\inputenc.sty"
Package: inputenc 2008/03/30 v1.1d Input encoding file
\inpenc@prehook=\toks15
\inpenc@posthook=\toks16

("C:\Program Files\Büro\LaTex\MiKTeX 2.9.3972\tex\latex\base\utf8.def"
File: utf8.def 2008/04/05 v1.1m UTF-8 support for inputenc
Now handling font encoding OML ...
... no UTF-8 mapping file for font encoding OML
Now handling font encoding T1 ...
... processing UTF-8 mapping file for font encoding T1

("C:\Program Files\Büro\LaTex\MiKTeX 2.9.3972\tex\latex\base\t1enc.dfu"
File: t1enc.dfu 2008/04/05 v1.1m UTF-8 support for inputenc
   defining Unicode char U+00A1 (decimal 161)
   defining Unicode char U+00A3 (decimal 163)
   defining Unicode char U+00AB (decimal 171)
   defining Unicode char U+00BB (decimal 187)
   defining Unicode char U+00BF (decimal 191)
   defining Unicode char U+00C0 (decimal 192)
   defining Unicode char U+00C1 (decimal 193)
   defining Unicode char U+00C2 (decimal 194)
   defining Unicode char U+00C3 (decimal 195)
   defining Unicode char U+00C4 (decimal 196)
   defining Unicode char U+00C5 (decimal 197)
   defining Unicode char U+00C6 (decimal 198)
   defining Unicode char U+00C7 (decimal 199)
   defining Unicode char U+00C8 (decimal 200)
   defining Unicode char U+00C9 (decimal 201)
   defining Unicode char U+00CA (decimal 202)
   defining Unicode char U+00CB (decimal 203)
   defining Unicode char U+00CC (decimal 204)
   defining Unicode char U+00CD (decimal 205)
   defining Unicode char U+00CE (decimal 206)
   defining Unicode char U+00CF (decimal 207)
   defining Unicode char U+00D0 (decimal 208)
   defining Unicode char U+00D1 (decimal 209)
   defining Unicode char U+00D2 (decimal 210)
   defining Unicode char U+00D3 (decimal 211)
   defining Unicode char U+00D4 (decimal 212)
   defining Unicode char U+00D5 (decimal 213)
   defining Unicode char U+00D6 (decimal 214)
   defining Unicode char U+00D8 (decimal 216)
   defining Unicode char U+00D9 (decimal 217)
   defining Unicode char U+00DA (decimal 218)
   defining Unicode char U+00DB (decimal 219)
   defining Unicode char U+00DC (decimal 220)
   defining Unicode char U+00DD (decimal 221)
   defining Unicode char U+00DE (decimal 222)
   defining Unicode char U+00DF (decimal 223)
   defining Unicode char U+00E0 (decimal 224)
   defining Unicode char U+00E1 (decimal 225)
   defining Unicode char U+00E2 (decimal 226)
   defining Unicode char U+00E3 (decimal 227)
   defining Unicode char U+00E4 (decimal 228)
   defining Unicode char U+00E5 (decimal 229)
   defining Unicode char U+00E6 (decimal 230)
   defining Unicode char U+00E7 (decimal 231)
   defining Unicode char U+00E8 (decimal 232)
   defining Unicode char U+00E9 (decimal 233)
   defining Unicode char U+00EA (decimal 234)
   defining Unicode char U+00EB (decimal 235)
   defining Unicode char U+00EC (decimal 236)
   defining Unicode char U+00ED (decimal 237)
   defining Unicode char U+00EE (decimal 238)
   defining Unicode char U+00EF (decimal 239)
   defining Unicode char U+00F0 (decimal 240)
   defining Unicode char U+00F1 (decimal 241)
   defining Unicode char U+00F2 (decimal 242)
   defining Unicode char U+00F3 (decimal 243)
   defining Unicode char U+00F4 (decimal 244)
   defining Unicode char U+00F5 (decimal 245)
   defining Unicode char U+00F6 (decimal 246)
   defining Unicode char U+00F8 (decimal 248)
   defining Unicode char U+00F9 (decimal 249)
   defining Unicode char U+00FA (decimal 250)
   defining Unicode char U+00FB (decimal 251)
   defining Unicode char U+00FC (decimal 252)
   defining Unicode char U+00FD (decimal 253)
   defining Unicode char U+00FE (decimal 254)
   defining Unicode char U+00FF (decimal 255)
   defining Unicode char U+0102 (decimal 258)
   defining Unicode char U+0103 (decimal 259)
   defining Unicode char U+0104 (decimal 260)
   defining Unicode char U+0105 (decimal 261)
   defining Unicode char U+0106 (decimal 262)
   defining Unicode char U+0107 (decimal 263)
   defining Unicode char U+010C (decimal 268)
   defining Unicode char U+010D (decimal 269)
   defining Unicode char U+010E (decimal 270)
   defining Unicode char U+010F (decimal 271)
   defining Unicode char U+0110 (decimal 272)
   defining Unicode char U+0111 (decimal 273)
   defining Unicode char U+0118 (decimal 280)
   defining Unicode char U+0119 (decimal 281)
   defining Unicode char U+011A (decimal 282)
   defining Unicode char U+011B (decimal 283)
   defining Unicode char U+011E (decimal 286)
   defining Unicode char U+011F (decimal 287)
   defining Unicode char U+0130 (decimal 304)
   defining Unicode char U+0131 (decimal 305)
   defining Unicode char U+0132 (decimal 306)
   defining Unicode char U+0133 (decimal 307)
   defining Unicode char U+0139 (decimal 313)
   defining Unicode char U+013A (decimal 314)
   defining Unicode char U+013D (decimal 317)
   defining Unicode char U+013E (decimal 318)
   defining Unicode char U+0141 (decimal 321)
   defining Unicode char U+0142 (decimal 322)
   defining Unicode char U+0143 (decimal 323)
   defining Unicode char U+0144 (decimal 324)
   defining Unicode char U+0147 (decimal 327)
   defining Unicode char U+0148 (decimal 328)
   defining Unicode char U+014A (decimal 330)
   defining Unicode char U+014B (decimal 331)
   defining Unicode char U+0150 (decimal 336)
   defining Unicode char U+0151 (decimal 337)
   defining Unicode char U+0152 (decimal 338)
   defining Unicode char U+0153 (decimal 339)
   defining Unicode char U+0154 (decimal 340)
   defining Unicode char U+0155 (decimal 341)
   defining Unicode char U+0158 (decimal 344)
   defining Unicode char U+0159 (decimal 345)
   defining Unicode char U+015A (decimal 346)
   defining Unicode char U+015B (decimal 347)
   defining Unicode char U+015E (decimal 350)
   defining Unicode char U+015F (decimal 351)
   defining Unicode char U+0160 (decimal 352)
   defining Unicode char U+0161 (decimal 353)
   defining Unicode char U+0162 (decimal 354)
   defining Unicode char U+0163 (decimal 355)
   defining Unicode char U+0164 (decimal 356)
   defining Unicode char U+0165 (decimal 357)
   defining Unicode char U+016E (decimal 366)
   defining Unicode char U+016F (decimal 367)
   defining Unicode char U+0170 (decimal 368)
   defining Unicode char U+0171 (decimal 369)
   defining Unicode char U+0178 (decimal 376)
   defining Unicode char U+0179 (decimal 377)
   defining Unicode char U+017A (decimal 378)
   defining Unicode char U+017B (decimal 379)
   defining Unicode char U+017C (decimal 380)
   defining Unicode char U+017D (decimal 381)
   defining Unicode char U+017E (decimal 382)
   defining Unicode char U+200C (decimal 8204)
   defining Unicode char U+2013 (decimal 8211)
   defining Unicode char U+2014 (decimal 8212)
   defining Unicode char U+2018 (decimal 8216)
   defining Unicode char U+2019 (decimal 8217)
   defining Unicode char U+201A (decimal 8218)
   defining Unicode char U+201C (decimal 8220)
   defining Unicode char U+201D (decimal 8221)
   defining Unicode char U+201E (decimal 8222)
   defining Unicode char U+2030 (decimal 8240)
   defining Unicode char U+2031 (decimal 8241)
   defining Unicode char U+2039 (decimal 8249)
   defining Unicode char U+203A (decimal 8250)
   defining Unicode char U+2423 (decimal 9251)
)
Now handling font encoding OT1 ...
... processing UTF-8 mapping file for font encoding OT1

("C:\Program Files\Büro\LaTex\MiKTeX 2.9.3972\tex\latex\base\ot1enc.dfu"
File: ot1enc.dfu 2008/04/05 v1.1m UTF-8 support for inputenc
   defining Unicode char U+00A1 (decimal 161)
   defining Unicode char U+00A3 (decimal 163)
   defining Unicode char U+00B8 (decimal 184)
   defining Unicode char U+00BF (decimal 191)
   defining Unicode char U+00C5 (decimal 197)
   defining Unicode char U+00C6 (decimal 198)
   defining Unicode char U+00D8 (decimal 216)
   defining Unicode char U+00DF (decimal 223)
   defining Unicode char U+00E6 (decimal 230)
   defining Unicode char U+00EC (decimal 236)
   defining Unicode char U+00ED (decimal 237)
   defining Unicode char U+00EE (decimal 238)
   defining Unicode char U+00EF (decimal 239)
   defining Unicode char U+00F8 (decimal 248)
   defining Unicode char U+0131 (decimal 305)
   defining Unicode char U+0141 (decimal 321)
   defining Unicode char U+0142 (decimal 322)
   defining Unicode char U+0152 (decimal 338)
   defining Unicode char U+0153 (decimal 339)
   defining Unicode char U+2013 (decimal 8211)
   defining Unicode char U+2014 (decimal 8212)
   defining Unicode char U+2018 (decimal 8216)
   defining Unicode char U+2019 (decimal 8217)
   defining Unicode char U+201C (decimal 8220)
   defining Unicode char U+201D (decimal 8221)
)
Now handling font encoding OMS ...
... processing UTF-8 mapping file for font encoding OMS

("C:\Program Files\Büro\LaTex\MiKTeX 2.9.3972\tex\latex\base\omsenc.dfu"
File: omsenc.dfu 2008/04/05 v1.1m UTF-8 support for inputenc
   defining Unicode char U+00A7 (decimal 167)
   defining Unicode char U+00B6 (decimal 182)
   defining Unicode char U+00B7 (decimal 183)
   defining Unicode char U+2020 (decimal 8224)
   defining Unicode char U+2021 (decimal 8225)
   defining Unicode char U+2022 (decimal 8226)
)
Now handling font encoding OMX ...
... no UTF-8 mapping file for font encoding OMX
Now handling font encoding U ...
... no UTF-8 mapping file for font encoding U
   defining Unicode char U+00A9 (decimal 169)
   defining Unicode char U+00AA (decimal 170)
   defining Unicode char U+00AE (decimal 174)
   defining Unicode char U+00BA (decimal 186)
   defining Unicode char U+02C6 (decimal 710)
   defining Unicode char U+02DC (decimal 732)
   defining Unicode char U+200C (decimal 8204)
   defining Unicode char U+2026 (decimal 8230)
   defining Unicode char U+2122 (decimal 8482)
   defining Unicode char U+2423 (decimal 9251)
))
(C:\Users\Daniel\AppData\Roaming\MiKTeX\2.9\tex\latex\relsize\relsize.sty
Package: relsize 2003/07/04 ver 3.1
)
("C:\Program Files\Büro\LaTex\MiKTeX 2.9.3972\tex\latex\ams\math\amsmath.sty"
Package: amsmath 2000/07/18 v2.13 AMS math features
\@mathmargin=\skip52

For additional information on amsmath, use the `?' option.
("C:\Program Files\Büro\LaTex\MiKTeX 2.9.3972\tex\latex\ams\math\amstext.sty"
Package: amstext 2000/06/29 v2.01

("C:\Program Files\Büro\LaTex\MiKTeX 2.9.3972\tex\latex\ams\math\amsgen.sty"
File: amsgen.sty 1999/11/30 v2.0
\@emptytoks=\toks17
\ex@=\dimen110
))
("C:\Program Files\Büro\LaTex\MiKTeX 2.9.3972\tex\latex\ams\math\amsbsy.sty"
Package: amsbsy 1999/11/29 v1.2d
\pmbraise@=\dimen111
)
("C:\Program Files\Büro\LaTex\MiKTeX 2.9.3972\tex\latex\ams\math\amsopn.sty"
Package: amsopn 1999/12/14 v2.01 operator names
)
\inf@bad=\count96
LaTeX Info: Redefining \frac on input line 211.
\uproot@=\count97
\leftroot@=\count98
LaTeX Info: Redefining \overline on input line 307.
\classnum@=\count99
\DOTSCASE@=\count100
LaTeX Info: Redefining \ldots on input line 379.
LaTeX Info: Redefining \dots on input line 382.
LaTeX Info: Redefining \cdots on input line 467.
\Mathstrutbox@=\box27
\strutbox@=\box28
\big@size=\dimen112
LaTeX Font Info:    Redeclaring font encoding OML on input line 567.
LaTeX Font Info:    Redeclaring font encoding OMS on input line 568.
\macc@depth=\count101
\c@MaxMatrixCols=\count102
\dotsspace@=\muskip10
\c@parentequation=\count103
\dspbrk@lvl=\count104
\tag@help=\toks18
\row@=\count105
\column@=\count106
\maxfields@=\count107
\andhelp@=\toks19
\eqnshift@=\dimen113
\alignsep@=\dimen114
\tagshift@=\dimen115
\tagwidth@=\dimen116
\totwidth@=\dimen117
\lineht@=\dimen118
\@envbody=\toks20
\multlinegap=\skip53
\multlinetaggap=\skip54
\mathdisplay@stack=\toks21
LaTeX Info: Redefining \[ on input line 2666.
LaTeX Info: Redefining \] on input line 2667.
)
("C:\Program Files\Büro\LaTex\MiKTeX 2.9.3972\tex\latex\amsfonts\amssymb.sty"
Package: amssymb 2009/06/22 v3.00

("C:\Program Files\Büro\LaTex\MiKTeX 2.9.3972\tex\latex\amsfonts\amsfonts.sty"
Package: amsfonts 2009/06/22 v3.00 Basic AMSFonts support
\symAMSa=\mathgroup4
\symAMSb=\mathgroup5
LaTeX Font Info:    Overwriting math alphabet `\mathfrak' in version `bold'
(Font)                  U/euf/m/n --> U/euf/b/n on input line 96.
)) ("C:\Program Files\Büro\LaTex\MiKTeX 2.9.3972\tex\latex\ams\classes\amsthm.s
ty"
Package: amsthm 2004/08/06 v2.20
\thm@style=\toks22
\thm@bodyfont=\toks23
\thm@headfont=\toks24
\thm@notefont=\toks25
\thm@headpunct=\toks26
\thm@preskip=\skip55
\thm@postskip=\skip56
\thm@headsep=\skip57
\dth@everypar=\toks27
)
(C:\Users\Daniel\AppData\Roaming\MiKTeX\2.9\tex\latex\simplewick\simplewick.sty
Package: simplewick 2007/11/23 v1.2a
Package: simplewick v1.2a (2007/11/23)
\swb@xone=\box29
\swb@xtwo=\box30
\swb@xthree=\box31
\swb@xfour=\box32
\swdimen@ne=\dimen119
\swdimentw@=\dimen120
) ("C:\Program Files\Büro\LaTex\MiKTeX 2.9.3972\tex\latex\carlisle\slashed.sty"
Package: slashed 1997/01/16 v0.01 Feynman Slashed Character Notation (DPC)
) (C:\Users\Daniel\AppData\Roaming\MiKTeX\2.9\tex\latex\xcolor\xcolor.sty
Package: xcolor 2007/01/21 v2.11 LaTeX color extensions (UK)

("C:\Program Files\Büro\LaTex\MiKTeX 2.9.3972\tex\latex\00miktex\color.cfg"
File: color.cfg 2007/01/18 v1.5 color configuration of teTeX/TeXLive
)
Package xcolor Info: Driver file: pdftex.def on input line 225.

("C:\Program Files\Büro\LaTex\MiKTeX 2.9.3972\tex\latex\pdftex-def\pdftex.def"
File: pdftex.def 2010/09/14 v0.05b Graphics/color for pdfTeX
\Gread@gobject=\count108
)
Package xcolor Info: Model `cmy' substituted by `cmy0' on input line 1337.
Package xcolor Info: Model `hsb' substituted by `rgb' on input line 1341.
Package xcolor Info: Model `RGB' extended on input line 1353.
Package xcolor Info: Model `HTML' substituted by `rgb' on input line 1355.
Package xcolor Info: Model `Hsb' substituted by `hsb' on input line 1356.
Package xcolor Info: Model `tHsb' substituted by `hsb' on input line 1357.
Package xcolor Info: Model `HSB' substituted by `hsb' on input line 1358.
Package xcolor Info: Model `Gray' substituted by `gray' on input line 1359.
Package xcolor Info: Model `wave' substituted by `hsb' on input line 1360.
) (C:\Users\Daniel\AppData\Roaming\MiKTeX\2.9\tex\latex\bbm\bbm.sty
Package: bbm 1999/03/15 V 1.2 provides fonts for set symbols - TH
LaTeX Font Info:    Overwriting math alphabet `\mathbbm' in version `bold'
(Font)                  U/bbm/m/n --> U/bbm/bx/n on input line 33.
LaTeX Font Info:    Overwriting math alphabet `\mathbbmss' in version `bold'
(Font)                  U/bbmss/m/n --> U/bbmss/bx/n on input line 35.
)
(C:\Users\Daniel\AppData\Roaming\MiKTeX\2.9\tex\latex\feynmf\feynmp.sty
Package: feynmp 1996/12/02 v1.08 LaTeX/MetaPost Feynman Diagram Package (ohl)

("C:\Program Files\Büro\LaTex\MiKTeX 2.9.3972\tex\latex\graphics\graphics.sty"
Package: graphics 2009/02/05 v1.0o Standard LaTeX Graphics (DPC,SPQR)

("C:\Program Files\Büro\LaTex\MiKTeX 2.9.3972\tex\latex\graphics\trig.sty"
Package: trig 1999/03/16 v1.09 sin cos tan (DPC)
)
("C:\Program Files\Büro\LaTex\MiKTeX 2.9.3972\tex\latex\00miktex\graphics.cfg"
File: graphics.cfg 2007/01/18 v1.5 graphics configuration of teTeX/TeXLive
)
Package graphics Info: Driver file: pdftex.def on input line 91.
)
\@outfmf=\write3
\fmfbuf@=\toks28
\c@fmfgraph=\count109
) ("C:\Program Files\Büro\LaTex\MiKTeX 2.9.3972\tex\latex\graphics\graphicx.sty
"
Package: graphicx 1999/02/16 v1.0f Enhanced LaTeX Graphics (DPC,SPQR)
\Gin@req@height=\dimen121
\Gin@req@width=\dimen122
)
("C:\Program Files\Büro\LaTex\MiKTeX 2.9.3972\tex\latex\hyperref\hyperref.sty"
Package: hyperref 2010/10/30 v6.81t Hypertext links for LaTeX

("C:\Program Files\Büro\LaTex\MiKTeX 2.9.3972\tex\generic\oberdiek\ltxcmds.sty"
Package: ltxcmds 2010/04/26 v1.7 LaTeX kernel commands for general use (HO)
)
("C:\Program Files\Büro\LaTex\MiKTeX 2.9.3972\tex\generic\oberdiek\infwarerr.st
y"
Package: infwarerr 2010/04/08 v1.3 Providing info/warning/message (HO)
)
("C:\Program Files\Büro\LaTex\MiKTeX 2.9.3972\tex\generic\oberdiek\kvsetkeys.st
y"
Package: kvsetkeys 2010/03/01 v1.9 Key value parser (HO)

("C:\Program Files\Büro\LaTex\MiKTeX 2.9.3972\tex\generic\oberdiek\etexcmds.sty
"
Package: etexcmds 2010/01/28 v1.3 Prefix for e-TeX command names (HO)
Package etexcmds Info: Could not find \expanded.
(etexcmds)             That can mean that you are not using pdfTeX 1.50 or
(etexcmds)             that some package has redefined \expanded.
(etexcmds)             In the latter case, load this package earlier.
))
("C:\Program Files\Büro\LaTex\MiKTeX 2.9.3972\tex\generic\oberdiek\pdfescape.st
y"
Package: pdfescape 2010/03/01 v1.9 Provides hex, PDF name and string conversion
s (HO)

("C:\Program Files\Büro\LaTex\MiKTeX 2.9.3972\tex\generic\oberdiek\pdftexcmds.s
ty"
Package: pdftexcmds 2010/04/01 v0.9 Utility functions of pdfTeX for LuaTeX (HO)


("C:\Program Files\Büro\LaTex\MiKTeX 2.9.3972\tex\generic\oberdiek\ifluatex.sty
"
Package: ifluatex 2010/03/01 v1.3 Provides the ifluatex switch (HO)
Package ifluatex Info: LuaTeX not detected.
)
Package pdftexcmds Info: LuaTeX not detected.
Package pdftexcmds Info: \pdf@primitive is available.
Package pdftexcmds Info: \pdf@ifprimitive is available.
))
("C:\Program Files\Büro\LaTex\MiKTeX 2.9.3972\tex\generic\oberdiek\ifpdf.sty"
Package: ifpdf 2010/01/28 v2.1 Provides the ifpdf switch (HO)
Package ifpdf Info: pdfTeX in pdf mode detected.
)
("C:\Program Files\Büro\LaTex\MiKTeX 2.9.3972\tex\generic\oberdiek\ifvtex.sty"
Package: ifvtex 2010/03/01 v1.5 Switches for detecting VTeX and its modes (HO)
Package ifvtex Info: VTeX not detected.
) ("C:\Program Files\Büro\LaTex\MiKTeX 2.9.3972\tex\generic\ifxetex\ifxetex.sty
"
Package: ifxetex 2010/09/12 v0.6 Provides ifxetex conditional
) ("C:\Program Files\Büro\LaTex\MiKTeX 2.9.3972\tex\latex\oberdiek\hycolor.sty"
Package: hycolor 2009/12/12 v1.6 Color options of hyperref/bookmark (HO)

("C:\Program Files\Büro\LaTex\MiKTeX 2.9.3972\tex\latex\oberdiek\xcolor-patch.s
ty"
Package: xcolor-patch 2009/12/12 xcolor patch
))
("C:\Program Files\Büro\LaTex\MiKTeX 2.9.3972\tex\latex\oberdiek\letltxmacro.st
y"
Package: letltxmacro 2008/06/24 v1.3 Let assignment for LaTeX macros (HO)
)
("C:\Program Files\Büro\LaTex\MiKTeX 2.9.3972\tex\latex\oberdiek\kvoptions.sty"
Package: kvoptions 2010/02/22 v3.7 Keyval support for LaTeX options (HO)
)
\@linkdim=\dimen123
\Hy@linkcounter=\count110
\Hy@pagecounter=\count111
 ("C:\Program Files\Büro\LaTex\MiKTeX 2.9.3972\tex\latex\hyperref\pd1enc.def"
File: pd1enc.def 2010/10/30 v6.81t Hyperref: PDFDocEncoding definition (HO)
Now handling font encoding PD1 ...
... no UTF-8 mapping file for font encoding PD1
) ("C:\Program Files\Büro\LaTex\MiKTeX 2.9.3972\tex\generic\oberdiek\intcalc.st
y"
Package: intcalc 2007/09/27 v1.1 Expandable integer calculations (HO)
)
\Hy@SavedSpaceFactor=\count112
 ("C:\Program Files\Büro\LaTex\MiKTeX 2.9.3972\tex\latex\00miktex\hyperref.cfg"
File: hyperref.cfg 2002/06/06 v1.2 hyperref configuration of TeXLive
)
Package hyperref Info: Hyper figures OFF on input line 3976.
Package hyperref Info: Link nesting OFF on input line 3981.
Package hyperref Info: Hyper index ON on input line 3984.
Package hyperref Info: Plain pages OFF on input line 3991.
Package hyperref Info: Backreferencing OFF on input line 3996.
Package hyperref Info: Implicit mode ON; LaTeX internals redefined.
Package hyperref Info: Bookmarks ON on input line 4211.
\c@Hy@tempcnt=\count113
 (C:\Users\Daniel\AppData\Roaming\MiKTeX\2.9\tex\latex\url\url.sty
\Urlmuskip=\muskip11
Package: url 2006/04/12  ver 3.3  Verb mode for urls, etc.
)
LaTeX Info: Redefining \url on input line 4566.

("C:\Program Files\Büro\LaTex\MiKTeX 2.9.3972\tex\generic\oberdiek\bitset.sty"
Package: bitset 2007/09/28 v1.0 Data type bit set (HO)

("C:\Program Files\Büro\LaTex\MiKTeX 2.9.3972\tex\generic\oberdiek\bigintcalc.s
ty"
Package: bigintcalc 2007/11/11 v1.1 Expandable big integer calculations (HO)
))
\Fld@menulength=\count114
\Field@Width=\dimen124
\Fld@charsize=\dimen125
Package hyperref Info: Hyper figures OFF on input line 5626.
Package hyperref Info: Link nesting OFF on input line 5631.
Package hyperref Info: Hyper index ON on input line 5634.
Package hyperref Info: backreferencing OFF on input line 5641.
Package hyperref Info: Link coloring OFF on input line 5646.
Package hyperref Info: Link coloring with OCG OFF on input line 5651.
Package hyperref Info: PDF/A mode OFF on input line 5656.
LaTeX Info: Redefining \ref on input line 5696.
LaTeX Info: Redefining \pageref on input line 5700.

("C:\Program Files\Büro\LaTex\MiKTeX 2.9.3972\tex\generic\oberdiek\atbegshi.sty
"
Package: atbegshi 2010/03/25 v1.12 At begin shipout hook (HO)
)
\Hy@abspage=\count115
\c@Item=\count116
\c@Hfootnote=\count117
)

Package hyperref Message: Driver (autodetected): hpdftex.

("C:\Program Files\Büro\LaTex\MiKTeX 2.9.3972\tex\latex\hyperref\hpdftex.def"
File: hpdftex.def 2010/10/30 v6.81t Hyperref driver for pdfTeX

("C:\Program Files\Büro\LaTex\MiKTeX 2.9.3972\tex\latex\oberdiek\atveryend.sty"
Package: atveryend 2010/03/24 v1.5 Hooks at very end of document (HO)
Package atveryend Info: \enddocument detected (standard).
)
\Fld@listcount=\count118
\c@bookmark@seq@number=\count119

("C:\Program Files\Büro\LaTex\MiKTeX 2.9.3972\tex\latex\oberdiek\rerunfilecheck
.sty"
Package: rerunfilecheck 2010/03/16 v1.6 Rerun checks for auxiliary files (HO)

("C:\Program Files\Büro\LaTex\MiKTeX 2.9.3972\tex\generic\oberdiek\uniquecounte
r.sty"
Package: uniquecounter 2009/12/18 v1.1 Provides unlimited unique counter (HO)
)
Package uniquecounter Info: New unique counter `rerunfilecheck' on input line 2
71.
)
\Hy@SectionHShift=\skip58
)
(C:\Users\Daniel\AppData\Roaming\MiKTeX\2.9\tex\latex\cleveref\cleveref.sty
Package: cleveref 2011/01/19 v0.17.8 Intelligent cross-referencing
Package cleveref Info: `hyperref' support loaded on input line 2156.
LaTeX Info: Redefining \cref on input line 2156.
LaTeX Info: Redefining \Cref on input line 2156.
LaTeX Info: Redefining \crefrange on input line 2156.
LaTeX Info: Redefining \Crefrange on input line 2156.
Package cleveref Info: `amsthm' support loaded on input line 2299.
Package cleveref Info: `subfig' support loaded on input line 2320.
Package cleveref Info: loaded `english' language definitions on input line 5263
.
)
(C:\Users\Daniel\AppData\Roaming\MiKTeX\2.9\tex\latex\booktabs\booktabs.sty
Package: booktabs 2005/04/14 v1.61803 publication quality tables
\heavyrulewidth=\dimen126
\lightrulewidth=\dimen127
\cmidrulewidth=\dimen128
\belowrulesep=\dimen129
\belowbottomsep=\dimen130
\aboverulesep=\dimen131
\abovetopsep=\dimen132
\cmidrulesep=\dimen133
\cmidrulekern=\dimen134
\defaultaddspace=\dimen135
\@cmidla=\count120
\@cmidlb=\count121
\@aboverulesep=\dimen136
\@belowrulesep=\dimen137
\@thisruleclass=\count122
\@lastruleclass=\count123
\@thisrulewidth=\dimen138
)
(C:\Users\Daniel\AppData\Roaming\MiKTeX\2.9\tex\latex\setspace\setspace.sty
Package: setspace 2000/12/01 6.7 Contributed and Supported LaTeX2e package

Package: `setspace' 6.7 <2000/12/01>
) (C:\Users\Daniel\AppData\Roaming\MiKTeX\2.9\tex\latex\units\nicefrac.sty
Package: nicefrac 1998/08/04 v0.9b Nice fractions
\L@UnitsRaiseDisplaystyle=\skip59
\L@UnitsRaiseTextstyle=\skip60
\L@UnitsRaiseScriptstyle=\skip61

("C:\Program Files\Büro\LaTex\MiKTeX 2.9.3972\tex\latex\base\ifthen.sty"
Package: ifthen 2001/05/26 v1.1c Standard LaTeX ifthen package (DPC)
))
(C:\Users\Daniel\AppData\Roaming\MiKTeX\2.9\tex\latex\pgf\frontendlayer\tikz.st
y (C:\Users\Daniel\AppData\Roaming\MiKTeX\2.9\tex\latex\pgf\basiclayer\pgf.sty
(C:\Users\Daniel\AppData\Roaming\MiKTeX\2.9\tex\latex\pgf\utilities\pgfrcs.sty
(C:\Users\Daniel\AppData\Roaming\MiKTeX\2.9\tex\generic\pgf\utilities\pgfutil-c
ommon.tex
\pgfutil@everybye=\toks29
)
(C:\Users\Daniel\AppData\Roaming\MiKTeX\2.9\tex\generic\pgf\utilities\pgfutil-l
atex.def
\pgfutil@abb=\box33
 (C:\Users\Daniel\AppData\Roaming\MiKTeX\2.9\tex\latex\ms\everyshi.sty
Package: everyshi 2001/05/15 v3.00 EveryShipout Package (MS)
))
(C:\Users\Daniel\AppData\Roaming\MiKTeX\2.9\tex\generic\pgf\utilities\pgfrcs.co
de.tex
Package: pgfrcs 2010/10/25 v2.10 (rcs-revision 1.24)
))
Package: pgf 2008/01/15 v2.10 (rcs-revision 1.12)

(C:\Users\Daniel\AppData\Roaming\MiKTeX\2.9\tex\latex\pgf\basiclayer\pgfcore.st
y
(C:\Users\Daniel\AppData\Roaming\MiKTeX\2.9\tex\latex\pgf\systemlayer\pgfsys.st
y
(C:\Users\Daniel\AppData\Roaming\MiKTeX\2.9\tex\generic\pgf\systemlayer\pgfsys.
code.tex
Package: pgfsys 2010/06/30 v2.10 (rcs-revision 1.37)

(C:\Users\Daniel\AppData\Roaming\MiKTeX\2.9\tex\generic\pgf\utilities\pgfkeys.c
ode.tex
\pgfkeys@pathtoks=\toks30
\pgfkeys@temptoks=\toks31

(C:\Users\Daniel\AppData\Roaming\MiKTeX\2.9\tex\generic\pgf\utilities\pgfkeysfi
ltered.code.tex
\pgfkeys@tmptoks=\toks32
))
\pgf@x=\dimen139
\pgf@y=\dimen140
\pgf@xa=\dimen141
\pgf@ya=\dimen142
\pgf@xb=\dimen143
\pgf@yb=\dimen144
\pgf@xc=\dimen145
\pgf@yc=\dimen146
\w@pgf@writea=\write4
\r@pgf@reada=\read1
\c@pgf@counta=\count124
\c@pgf@countb=\count125
\c@pgf@countc=\count126
\c@pgf@countd=\count127

(C:\Users\Daniel\AppData\Roaming\MiKTeX\2.9\tex\generic\pgf\systemlayer\pgf.cfg
File: pgf.cfg 2008/05/14  (rcs-revision 1.7)
)
Package pgfsys Info: Driver file for pgf: pgfsys-pdftex.def on input line 900.

(C:\Users\Daniel\AppData\Roaming\MiKTeX\2.9\tex\generic\pgf\systemlayer\pgfsys-
pdftex.def
File: pgfsys-pdftex.def 2009/05/22  (rcs-revision 1.26)

(C:\Users\Daniel\AppData\Roaming\MiKTeX\2.9\tex\generic\pgf\systemlayer\pgfsys-
common-pdf.def
File: pgfsys-common-pdf.def 2008/05/19  (rcs-revision 1.10)
)))
(C:\Users\Daniel\AppData\Roaming\MiKTeX\2.9\tex\generic\pgf\systemlayer\pgfsyss
oftpath.code.tex
File: pgfsyssoftpath.code.tex 2008/07/18  (rcs-revision 1.7)
\pgfsyssoftpath@smallbuffer@items=\count128
\pgfsyssoftpath@bigbuffer@items=\count129
)
(C:\Users\Daniel\AppData\Roaming\MiKTeX\2.9\tex\generic\pgf\systemlayer\pgfsysp
rotocol.code.tex
File: pgfsysprotocol.code.tex 2006/10/16  (rcs-revision 1.4)
))
(C:\Users\Daniel\AppData\Roaming\MiKTeX\2.9\tex\generic\pgf\basiclayer\pgfcore.
code.tex
Package: pgfcore 2010/04/11 v2.10 (rcs-revision 1.7)

(C:\Users\Daniel\AppData\Roaming\MiKTeX\2.9\tex\generic\pgf\math\pgfmath.code.t
ex
(C:\Users\Daniel\AppData\Roaming\MiKTeX\2.9\tex\generic\pgf\math\pgfmathcalc.co
de.tex
(C:\Users\Daniel\AppData\Roaming\MiKTeX\2.9\tex\generic\pgf\math\pgfmathutil.co
de.tex)
(C:\Users\Daniel\AppData\Roaming\MiKTeX\2.9\tex\generic\pgf\math\pgfmathparser.
code.tex
\pgfmath@dimen=\dimen147
\pgfmath@count=\count130
\pgfmath@box=\box34
\pgfmath@toks=\toks33
\pgfmath@stack@operand=\toks34
\pgfmath@stack@operation=\toks35
)
(C:\Users\Daniel\AppData\Roaming\MiKTeX\2.9\tex\generic\pgf\math\pgfmathfunctio
ns.code.tex
(C:\Users\Daniel\AppData\Roaming\MiKTeX\2.9\tex\generic\pgf\math\pgfmathfunctio
ns.basic.code.tex)
(C:\Users\Daniel\AppData\Roaming\MiKTeX\2.9\tex\generic\pgf\math\pgfmathfunctio
ns.trigonometric.code.tex)
(C:\Users\Daniel\AppData\Roaming\MiKTeX\2.9\tex\generic\pgf\math\pgfmathfunctio
ns.random.code.tex)
(C:\Users\Daniel\AppData\Roaming\MiKTeX\2.9\tex\generic\pgf\math\pgfmathfunctio
ns.comparison.code.tex)
(C:\Users\Daniel\AppData\Roaming\MiKTeX\2.9\tex\generic\pgf\math\pgfmathfunctio
ns.base.code.tex)
(C:\Users\Daniel\AppData\Roaming\MiKTeX\2.9\tex\generic\pgf\math\pgfmathfunctio
ns.round.code.tex)
(C:\Users\Daniel\AppData\Roaming\MiKTeX\2.9\tex\generic\pgf\math\pgfmathfunctio
ns.misc.code.tex)))
(C:\Users\Daniel\AppData\Roaming\MiKTeX\2.9\tex\generic\pgf\math\pgfmathfloat.c
ode.tex
\c@pgfmathroundto@lastzeros=\count131
))
(C:\Users\Daniel\AppData\Roaming\MiKTeX\2.9\tex\generic\pgf\basiclayer\pgfcorep
oints.code.tex
File: pgfcorepoints.code.tex 2010/04/09  (rcs-revision 1.20)
\pgf@picminx=\dimen148
\pgf@picmaxx=\dimen149
\pgf@picminy=\dimen150
\pgf@picmaxy=\dimen151
\pgf@pathminx=\dimen152
\pgf@pathmaxx=\dimen153
\pgf@pathminy=\dimen154
\pgf@pathmaxy=\dimen155
\pgf@xx=\dimen156
\pgf@xy=\dimen157
\pgf@yx=\dimen158
\pgf@yy=\dimen159
\pgf@zx=\dimen160
\pgf@zy=\dimen161
)
(C:\Users\Daniel\AppData\Roaming\MiKTeX\2.9\tex\generic\pgf\basiclayer\pgfcorep
athconstruct.code.tex
File: pgfcorepathconstruct.code.tex 2010/08/03  (rcs-revision 1.24)
\pgf@path@lastx=\dimen162
\pgf@path@lasty=\dimen163
)
(C:\Users\Daniel\AppData\Roaming\MiKTeX\2.9\tex\generic\pgf\basiclayer\pgfcorep
athusage.code.tex
File: pgfcorepathusage.code.tex 2008/04/22  (rcs-revision 1.12)
\pgf@shorten@end@additional=\dimen164
\pgf@shorten@start@additional=\dimen165
)
(C:\Users\Daniel\AppData\Roaming\MiKTeX\2.9\tex\generic\pgf\basiclayer\pgfcores
copes.code.tex
File: pgfcorescopes.code.tex 2010/09/08  (rcs-revision 1.34)
\pgfpic=\box35
\pgf@hbox=\box36
\pgf@layerbox@main=\box37
\pgf@picture@serial@count=\count132
)
(C:\Users\Daniel\AppData\Roaming\MiKTeX\2.9\tex\generic\pgf\basiclayer\pgfcoreg
raphicstate.code.tex
File: pgfcoregraphicstate.code.tex 2008/04/22  (rcs-revision 1.9)
\pgflinewidth=\dimen166
)
(C:\Users\Daniel\AppData\Roaming\MiKTeX\2.9\tex\generic\pgf\basiclayer\pgfcoret
ransformations.code.tex
File: pgfcoretransformations.code.tex 2009/06/10  (rcs-revision 1.11)
\pgf@pt@x=\dimen167
\pgf@pt@y=\dimen168
\pgf@pt@temp=\dimen169
)
(C:\Users\Daniel\AppData\Roaming\MiKTeX\2.9\tex\generic\pgf\basiclayer\pgfcoreq
uick.code.tex
File: pgfcorequick.code.tex 2008/10/09  (rcs-revision 1.3)
)
(C:\Users\Daniel\AppData\Roaming\MiKTeX\2.9\tex\generic\pgf\basiclayer\pgfcoreo
bjects.code.tex
File: pgfcoreobjects.code.tex 2006/10/11  (rcs-revision 1.2)
)
(C:\Users\Daniel\AppData\Roaming\MiKTeX\2.9\tex\generic\pgf\basiclayer\pgfcorep
athprocessing.code.tex
File: pgfcorepathprocessing.code.tex 2008/10/09  (rcs-revision 1.8)
)
(C:\Users\Daniel\AppData\Roaming\MiKTeX\2.9\tex\generic\pgf\basiclayer\pgfcorea
rrows.code.tex
File: pgfcorearrows.code.tex 2008/04/23  (rcs-revision 1.11)
)
(C:\Users\Daniel\AppData\Roaming\MiKTeX\2.9\tex\generic\pgf\basiclayer\pgfcores
hade.code.tex
File: pgfcoreshade.code.tex 2008/11/23  (rcs-revision 1.13)
\pgf@max=\dimen170
\pgf@sys@shading@range@num=\count133
)
(C:\Users\Daniel\AppData\Roaming\MiKTeX\2.9\tex\generic\pgf\basiclayer\pgfcorei
mage.code.tex
File: pgfcoreimage.code.tex 2010/03/25  (rcs-revision 1.16)

(C:\Users\Daniel\AppData\Roaming\MiKTeX\2.9\tex\generic\pgf\basiclayer\pgfcoree
xternal.code.tex
File: pgfcoreexternal.code.tex 2010/09/01  (rcs-revision 1.17)
\pgfexternal@startupbox=\box38
))
(C:\Users\Daniel\AppData\Roaming\MiKTeX\2.9\tex\generic\pgf\basiclayer\pgfcorel
ayers.code.tex
File: pgfcorelayers.code.tex 2010/08/27  (rcs-revision 1.2)
)
(C:\Users\Daniel\AppData\Roaming\MiKTeX\2.9\tex\generic\pgf\basiclayer\pgfcoret
ransparency.code.tex
File: pgfcoretransparency.code.tex 2008/01/17  (rcs-revision 1.2)
)
(C:\Users\Daniel\AppData\Roaming\MiKTeX\2.9\tex\generic\pgf\basiclayer\pgfcorep
atterns.code.tex
File: pgfcorepatterns.code.tex 2009/07/02  (rcs-revision 1.3)
)))
(C:\Users\Daniel\AppData\Roaming\MiKTeX\2.9\tex\generic\pgf\modules\pgfmodulesh
apes.code.tex
File: pgfmoduleshapes.code.tex 2010/09/09  (rcs-revision 1.13)
\pgfnodeparttextbox=\box39
)
(C:\Users\Daniel\AppData\Roaming\MiKTeX\2.9\tex\generic\pgf\modules\pgfmodulepl
ot.code.tex
File: pgfmoduleplot.code.tex 2010/10/22  (rcs-revision 1.8)
)
(C:\Users\Daniel\AppData\Roaming\MiKTeX\2.9\tex\latex\pgf\compatibility\pgfcomp
-version-0-65.sty
Package: pgfcomp-version-0-65 2007/07/03 v2.10 (rcs-revision 1.7)
\pgf@nodesepstart=\dimen171
\pgf@nodesepend=\dimen172
)
(C:\Users\Daniel\AppData\Roaming\MiKTeX\2.9\tex\latex\pgf\compatibility\pgfcomp
-version-1-18.sty
Package: pgfcomp-version-1-18 2007/07/23 v2.10 (rcs-revision 1.1)
))
(C:\Users\Daniel\AppData\Roaming\MiKTeX\2.9\tex\latex\pgf\utilities\pgffor.sty
(C:\Users\Daniel\AppData\Roaming\MiKTeX\2.9\tex\latex\pgf\utilities\pgfkeys.sty

(C:\Users\Daniel\AppData\Roaming\MiKTeX\2.9\tex\generic\pgf\utilities\pgfkeys.c
ode.tex))
(C:\Users\Daniel\AppData\Roaming\MiKTeX\2.9\tex\generic\pgf\utilities\pgffor.co
de.tex
Package: pgffor 2010/03/23 v2.10 (rcs-revision 1.18)
\pgffor@iter=\dimen173
\pgffor@skip=\dimen174
\pgffor@stack=\toks36
\pgffor@toks=\toks37
))
(C:\Users\Daniel\AppData\Roaming\MiKTeX\2.9\tex\generic\pgf\frontendlayer\tikz\
tikz.code.tex
Package: tikz 2010/10/13 v2.10 (rcs-revision 1.76)

(C:\Users\Daniel\AppData\Roaming\MiKTeX\2.9\tex\generic\pgf\libraries\pgflibrar
yplothandlers.code.tex
File: pgflibraryplothandlers.code.tex 2010/05/31 v2.10 (rcs-revision 1.15)
\pgf@plot@mark@count=\count134
\pgfplotmarksize=\dimen175
)
\tikz@lastx=\dimen176
\tikz@lasty=\dimen177
\tikz@lastxsaved=\dimen178
\tikz@lastysaved=\dimen179
\tikzleveldistance=\dimen180
\tikzsiblingdistance=\dimen181
\tikz@figbox=\box40
\tikz@tempbox=\box41
\tikztreelevel=\count135
\tikznumberofchildren=\count136
\tikznumberofcurrentchild=\count137
\tikz@fig@count=\count138

(C:\Users\Daniel\AppData\Roaming\MiKTeX\2.9\tex\generic\pgf\modules\pgfmodulema
trix.code.tex
File: pgfmodulematrix.code.tex 2010/08/24  (rcs-revision 1.4)
\pgfmatrixcurrentrow=\count139
\pgfmatrixcurrentcolumn=\count140
\pgf@matrix@numberofcolumns=\count141
)
\tikz@expandcount=\count142

(C:\Users\Daniel\AppData\Roaming\MiKTeX\2.9\tex\generic\pgf\frontendlayer\tikz\
libraries\tikzlibrarytopaths.code.tex
File: tikzlibrarytopaths.code.tex 2008/06/17 v2.10 (rcs-revision 1.2)
)))
("C:\Program Files\Büro\LaTex\MiKTeX 2.9.3972\tex\latex\bijan_commands\bijan_co
mmands.sty"
Package: bijan_commands 
))
("C:\Program Files\Büro\LaTex\MiKTeX 2.9.3972\tex\generic\babel\babel.sty"
Package: babel 2008/07/06 v3.8l The Babel package

*************************************
* Local config file bblopts.cfg used
*
(C:\Users\Daniel\AppData\Roaming\MiKTeX\2.9\tex\latex\arabi\bblopts.cfg
File: bblopts.cfg 2005/09/08 v0.1 add Arabic and Farsi to "declared" options of
 babel
)
("C:\Program Files\Büro\LaTex\MiKTeX 2.9.3972\tex\generic\babel\ngermanb.ldf"
Language: ngermanb 2008/07/06 v2.6n new German support from the babel system

("C:\Program Files\Büro\LaTex\MiKTeX 2.9.3972\tex\generic\babel\babel.def"
File: babel.def 2008/07/06 v3.8l Babel common definitions
\babel@savecnt=\count143
\U@D=\dimen182
)
\l@naustrian = a dialect from \language\l@ngerman 
Package babel Info: Making " an active character on input line 92.
))
(C:\Users\Daniel\AppData\Roaming\MiKTeX\2.9\tex\latex\siunitx\siunitx.sty
(C:\Users\Daniel\AppData\Roaming\MiKTeX\2.9\tex\latex\expl3\expl3.sty
(C:\Users\Daniel\AppData\Roaming\MiKTeX\2.9\tex\latex\expl3\l3names.sty
Package: l3names 2011/01/08 v2122 L3 Experimental Naming Scheme for TeX Primiti
ves
)
Package: expl3 2011/02/17 v2156 L3 Experimental code bundle wrapper

("C:\Program Files\Büro\LaTex\MiKTeX 2.9.3972\tex\latex\misc\etex.sty"
Package: etex 1998/03/26 v2.0 eTeX basic definition package (PEB)
\et@xins=\count144
)
(C:\Users\Daniel\AppData\Roaming\MiKTeX\2.9\tex\latex\expl3\l3basics.sty
Package: l3basics 2011/02/26 v2158 L3 Experimental basic definitions
)
(C:\Users\Daniel\AppData\Roaming\MiKTeX\2.9\tex\latex\expl3\l3expan.sty
Package: l3expan 2010/09/20 v2037 L3 Experimental Argument Expansion module
)
(C:\Users\Daniel\AppData\Roaming\MiKTeX\2.9\tex\latex\expl3\l3tl.sty
Package: l3tl 2011/03/07 v2184 L3 Experimental Token Lists
)
(C:\Users\Daniel\AppData\Roaming\MiKTeX\2.9\tex\latex\expl3\l3int.sty
Package: l3int 2011/03/06 v2178 L3 Experimental Integer module
\l_tmpa_int=\count145
\l_tmpb_int=\count146
\l_tmpc_int=\count147
\g_tmpa_int=\count148
\g_tmpb_int=\count149
\c_max_int=\count150
\g_tl_inline_level_int=\count151
\g_prg_inline_level_int=\count152
)
(C:\Users\Daniel\AppData\Roaming\MiKTeX\2.9\tex\latex\expl3\l3quark.sty
Package: l3quark 2011/03/03 v2172 L3 Experimental Quark Commands
)
(C:\Users\Daniel\AppData\Roaming\MiKTeX\2.9\tex\latex\expl3\l3seq.sty
Package: l3seq 2010/03/29 v1879 L3 Experimental sequences and stacks
)
(C:\Users\Daniel\AppData\Roaming\MiKTeX\2.9\tex\latex\expl3\l3toks.sty
Package: l3toks 2010/09/20 v2037 L3 Experimental Token Registers
\l_tmpb_toks=\toks38
\l_tmpc_toks=\toks39
\g_tmpa_toks=\toks40
\g_tmpb_toks=\toks41
\g_tmpc_toks=\toks42
\c_empty_toks=\toks43
\l_tl_replace_toks=\toks44
)
(C:\Users\Daniel\AppData\Roaming\MiKTeX\2.9\tex\latex\expl3\l3prg.sty
Package: l3prg 2011/03/06 v2178 L3 Experimental control structures
)
(C:\Users\Daniel\AppData\Roaming\MiKTeX\2.9\tex\latex\expl3\l3clist.sty
Package: l3clist 2011/03/06 v2178 L3 Experimental comma separated lists
\g_clist_map_inline_int=\count153
)
(C:\Users\Daniel\AppData\Roaming\MiKTeX\2.9\tex\latex\expl3\l3token.sty
Package: l3token 2011/02/16 v2151 L3 Experimental token investigation and manip
ulation
)
(C:\Users\Daniel\AppData\Roaming\MiKTeX\2.9\tex\latex\expl3\l3prop.sty
Package: l3prop 2010/11/23 v2087 L3 Experimental Property Lists
\g_prop_inline_level_int=\count154
)
(C:\Users\Daniel\AppData\Roaming\MiKTeX\2.9\tex\latex\expl3\l3msg.sty
Package: l3msg 2010/10/02 v2052 L3 Experimental LaTeX Messages module
\l_msg_redirect_classes_prop=\toks45
\l_msg_redirect_names_prop=\toks46
\l_msg_redirect_fatal_prop=\toks47
\l_msg_redirect_error_prop=\toks48
\l_msg_redirect_warning_prop=\toks49
\l_msg_redirect_info_prop=\toks50
\l_msg_redirect_log_prop=\toks51
\l_msg_redirect_trace_prop=\toks52
\l_msg_redirect_none_prop=\toks53
)
(C:\Users\Daniel\AppData\Roaming\MiKTeX\2.9\tex\latex\expl3\l3io.sty
Package: l3io 2010/10/03 v2063 L3 Experimental i/o module
\g_iow_streams_prop=\toks54
\g_ior_streams_prop=\toks55
\l_iow_stream_int=\count155
)
(C:\Users\Daniel\AppData\Roaming\MiKTeX\2.9\tex\latex\expl3\l3skip.sty
Package: l3skip 2011/02/15 v2149 L3 Experimental skip registers
\l_tmpa_skip=\skip62
\l_tmpb_skip=\skip63
\l_tmpc_skip=\skip64
\g_tmpa_skip=\skip65
\g_tmpb_skip=\skip66
\l_tmpa_dim=\dimen183
\l_tmpb_dim=\dimen184
\l_tmpc_dim=\dimen185
\l_tmpd_dim=\dimen186
\g_tmpa_dim=\dimen187
\g_tmpb_dim=\dimen188
)
(C:\Users\Daniel\AppData\Roaming\MiKTeX\2.9\tex\latex\expl3\l3box.sty
Package: l3box 2011/03/06 v2178 L3 Experimental Box module
\l_tmpb_box=\box42
)
(C:\Users\Daniel\AppData\Roaming\MiKTeX\2.9\tex\latex\expl3\l3keyval.sty
Package: l3keyval 2010/04/11 v1890 L3 Experimental keyval processing
\l_KV_level_int=\count156
)
(C:\Users\Daniel\AppData\Roaming\MiKTeX\2.9\tex\latex\expl3\l3keys.sty
Package: l3keys 2010/11/11 v2082 L3 Experimental key-value support
\l_keys_choice_int=\count157
)
(C:\Users\Daniel\AppData\Roaming\MiKTeX\2.9\tex\latex\expl3\l3precom.sty
Package: l3precom 2010/02/09 v1793 L3 Experimental precompilation module
\g_gen_sym_int=\count158
\g_ggen_sym_int=\count159
)
(C:\Users\Daniel\AppData\Roaming\MiKTeX\2.9\tex\latex\expl3\l3xref.sty
Package: l3xref 2011/02/16 v2151 L3 Experimental cross referencing
\g_xref_all_curr_immediate_fields_prop=\toks56
\g_xref_all_curr_deferred_fields_prop=\toks57
)
(C:\Users\Daniel\AppData\Roaming\MiKTeX\2.9\tex\latex\expl3\l3file.sty
Package: l3file 2010/03/21 v1853 L3 Experimental file loading
)
(C:\Users\Daniel\AppData\Roaming\MiKTeX\2.9\tex\latex\expl3\l3fp.sty
Package: l3fp 2011/03/06 v2178 L3 Experimental floating-point operations
\c_one_million=\count160
\c_one_hundred_million=\count161
\c_five_hundred_million=\count162
\c_one_thousand_million=\count163
\c_fp_pi_by_four_decimal_int=\count164
\c_fp_pi_by_four_extended_int=\count165
\c_fp_pi_decimal_int=\count166
\c_fp_pi_extended_int=\count167
\c_fp_two_pi_decimal_int=\count168
\c_fp_two_pi_extended_int=\count169
\l_fp_count_int=\count170
\l_fp_div_offset_int=\count171
\l_fp_exp_integer_int=\count172
\l_fp_exp_decimal_int=\count173
\l_fp_exp_extended_int=\count174
\l_fp_exp_exponent_int=\count175
\l_fp_input_a_sign_int=\count176
\l_fp_input_a_integer_int=\count177
\l_fp_input_a_decimal_int=\count178
\l_fp_input_a_exponent_int=\count179
\l_fp_input_b_sign_int=\count180
\l_fp_input_b_integer_int=\count181
\l_fp_input_b_decimal_int=\count182
\l_fp_input_b_exponent_int=\count183
\l_fp_input_a_extended_int=\count184
\l_fp_input_b_extended_int=\count185
\l_fp_mul_a_i_int=\count186
\l_fp_mul_a_ii_int=\count187
\l_fp_mul_a_iii_int=\count188
\l_fp_mul_a_iv_int=\count189
\l_fp_mul_a_v_int=\count190
\l_fp_mul_a_vi_int=\count191
\l_fp_mul_b_i_int=\count192
\l_fp_mul_b_ii_int=\count193
\l_fp_mul_b_iii_int=\count194
\l_fp_mul_b_iv_int=\count195
\l_fp_mul_b_v_int=\count196
\l_fp_mul_b_vi_int=\count197
\l_fp_mul_output_int=\count198
\l_fp_output_sign_int=\count199
\l_fp_output_integer_int=\count200
\l_fp_output_decimal_int=\count201
Normal \count register pool exhausted, switching to extended pool.
\l_fp_output_exponent_int=\count277
\l_fp_output_extended_int=\count278
\l_fp_round_position_int=\count279
\l_fp_round_target_int=\count280
\l_fp_split_sign_int=\count281
\l_fp_tmp_int=\count282
\l_fp_trig_octant_int=\count283
\l_fp_trig_sign_int=\count284
\l_fp_trig_decimal_int=\count285
\l_fp_trig_extended_int=\count286
\l_fp_tmp_dim=\dimen189
\l_fp_tmp_skip=\skip67
)
(C:\Users\Daniel\AppData\Roaming\MiKTeX\2.9\tex\latex\expl3\l3luatex.sty
Package: l3luatex 2010/07/18 v1985 L3 Experimental LuaTeX functions
\g_cctab_allocate_int=\count287
\g_cctab_stack_int=\count288
)
(C:\Users\Daniel\AppData\Roaming\MiKTeX\2.9\tex\latex\expl3\l3font.sty
Package: l3font 2011/03/03 v2175 L3 Experimental Font Loading
)
("C:\Program Files\Büro\LaTex\MiKTeX 2.9.3972\tex\latex\tools\calc.sty"
Package: calc 2007/08/22 v4.3 Infix arithmetic (KKT,FJ)
\calc@Acount=\count289
\calc@Bcount=\count290
\calc@Adimen=\dimen190
\calc@Bdimen=\dimen191
\calc@Askip=\skip68
\calc@Bskip=\skip69
LaTeX Info: Redefining \setlength on input line 76.
LaTeX Info: Redefining \addtolength on input line 77.
\calc@Ccount=\count291
\calc@Cskip=\skip70
))
Package: siunitx 2011/02/10 v2.1l A comprehensive (SI) units package

(C:\Users\Daniel\AppData\Roaming\MiKTeX\2.9\tex\latex\xpackages\xbase\xparse.st
y
Package: xparse 2011/01/23 v2136 Generic document command parser
\c_xparse_shorthands_prop=\toks58
\l_xparse_m_args_int=\count292
\l_xparse_mandatory_args_int=\count293
\l_xparse_processor_int=\count294
\l_xparse_total_args_int=\count295
) ("C:\Program Files\Büro\LaTex\MiKTeX 2.9.3972\tex\latex\tools\array.sty"
Package: array 2008/09/09 v2.4c Tabular extension package (FMi)
\col@sep=\dimen192
\extrarowheight=\dimen193
\NC@list=\toks59
\extratabsurround=\skip71
\backup@length=\skip72
)
(C:\Users\Daniel\AppData\Roaming\MiKTeX\2.9\tex\latex\xpackages\xtras\l3keys2e.
sty
Package: l3keys2e 2010/10/13 v2076 Parsing LaTeX3 keyvals as LaTeX2e package op
tions
)
\l_siunitx_tmp_box=\box43
\l_siunitx_tmp_int=\count296
\l_siunitx_number_in_prop=\toks60
\l_siunitx_round_int=\count297
\l_siunitx_process_decimal_int=\count298
\l_siunitx_process_uncertainty_int=\count299
\l_siunitx_process_fixed_int=\count300
\l_siunitx_process_precision_int=\count301
\l_siunitx_number_out_prop=\toks61
\l_siunitx_angle_marker_box=\box44
\l_siunitx_angle_unit_box=\box45
\l_siunitx_angle_marker_dim=\dimen194
\l_siunitx_angle_unit_dim=\dimen195
\l_siunitx_angle_degree_prop=\toks62
\l_siunitx_angle_minute_prop=\toks63
\l_siunitx_angle_second_prop=\toks64
\l_siunitx_unit_int=\count302
\l_siunitx_unit_prop=\toks65
\l_siunitx_unit_denominator_int=\count303
\l_siunitx_unit_numerator_int=\count304
\l_siunitx_unit_prefix_int=\count305
\l_siunitx_unit_prefix_base_int=\count306
\l_siunitx_unit_prefix_gram_int=\count307
\l_siunitx_number_product_int=\count308
\c_siunitx_one_fill_skip=\skip73
\c_siunitx_table_correction_skip=\skip74
\l_siunitx_table_unit_align_skip=\skip75
\l_siunitx_table_fill_box=\box46
\l_siunitx_table_fill_dim=\dimen196
\l_siunitx_table_pre_box=\box47
\l_siunitx_table_post_box=\box48
\l_siunitx_table_result_box=\box49
\l_siunitx_table_comparator_dim=\dimen197
\l_siunitx_table_decimal_dim=\dimen198
\l_siunitx_table_exponent_dim=\dimen199
\l_siunitx_table_integer_dim=\dimen200
\l_siunitx_table_mantissa_dim=\dimen201
Normal \dimen register pool exhausted, switching to extended pool.
\l_siunitx_table_marker_dim=\dimen256
\l_siunitx_table_result_dim=\dimen257
\l_siunitx_table_uncert_dim=\dimen258
\l_siunitx_table_gap_dim=\dimen259
\l_siunitx_table_model_prop=\toks66
\l_siunitx_table_space_dim=\dimen260
\l_siunitx_table_number_align_skip=\skip76
\l_siunitx_table_text_align_skip=\skip77
\l_siunitx_table_decimal_int=\count309
\l_siunitx_table_exponent_int=\count310
\l_siunitx_table_integer_int=\count311
\l_siunitx_table_uncert_int=\count312
 LaTeX info: Defining document command \ang
(LaTeX)  with arg. spec. 'o>{\SplitArgument {2}{;}}m' on line 6303.

 LaTeX info: Defining document command \num
(LaTeX)  with arg. spec. 'om' on line 6310.

 LaTeX info: Defining document command \numlist
(LaTeX)  with arg. spec. 'o>{\SplitList {;}}m' on line 6317.

 LaTeX info: Defining document command \numrange
(LaTeX)  with arg. spec. 'omm' on line 6324.

 LaTeX info: Defining document command \si
(LaTeX)  with arg. spec. 'om' on line 6334.

 LaTeX info: Defining document command \SIlist
(LaTeX)  with arg. spec. 'o>{\SplitList {;}}mm' on line 6344.

 LaTeX info: Defining document command \SIrange
(LaTeX)  with arg. spec. 'ommm' on line 6354.

 LaTeX info: Defining document command \SI
(LaTeX)  with arg. spec. 'omom' on line 6364.

 LaTeX info: Defining document command \sisetup
(LaTeX)  with arg. spec. 'm' on line 6367.

 LaTeX info: Defining document command \siunitx_bookmark_num:w
(LaTeX)  with arg. spec. 'om' on line 6403.

 LaTeX info: Defining document command \siunitx_bookmark_numrange:w
(LaTeX)  with arg. spec. 'omm' on line 6405.

 LaTeX info: Defining document command \siunitx_bookmark_si:w
(LaTeX)  with arg. spec. 'om' on line 6406.

 LaTeX info: Defining document command \siunitx_bookmark_SI:w
(LaTeX)  with arg. spec. 'omom' on line 6408.

 LaTeX info: Defining document command \siunitx_bookmark_SIrange:w
(LaTeX)  with arg. spec. 'ommm' on line 6410.

\g_ior_tmp_stream=\read2

(C:\Users\Daniel\AppData\Roaming\MiKTeX\2.9\tex\latex\beamer\base\translator\tr
anslator.sty
Package: translator 2010/06/12 ver 1.10

(C:\Users\Daniel\AppData\Roaming\MiKTeX\2.9\tex\latex\beamer\base\translator\tr
anslator-language-mappings.tex)))
Package hyperref Info: Option `colorlinks' set `true' on input line 22.

(C:\Users\Daniel\AppData\Roaming\MiKTeX\2.9\tex\latex\koma-script\scrpage2.sty
Package: scrpage2 2010/04/22 v2.5 LaTeX2e KOMA-Script package
LaTeX Info: Redefining \pagemark on input line 176.
)
Package scrkbase Info: You've told me to redefine the font selection of the
(scrkbase)             element `pagehead' that is an alias of element
(scrkbase)             `pageheadfoot' on input line 43.

Package scrkbase Warning: `pagehead' is only an alias of `pageheadfoot'.
(scrkbase)                Font of page foot may also be changed on input line 4
3.

(C:\Users\Daniel\AppData\Roaming\MiKTeX\2.9\tex\latex\natbib\natbib.sty
Package: natbib 2010/09/13 8.31b (PWD, AO)
\bibhang=\skip78
\bibsep=\skip79
LaTeX Info: Redefining \cite on input line 694.
\c@NAT@ctr=\count313
)
(C:\Users\Daniel\AppData\Roaming\MiKTeX\2.9\tex\latex\paralist\paralist.sty
Package: paralist 2002/03/18 v2.3b Extended list environments (BS)
\pltopsep=\skip80
\plpartopsep=\skip81
\plitemsep=\skip82
\plparsep=\skip83
\pl@lab=\toks67
)
(C:\Users\Daniel\AppData\Roaming\MiKTeX\2.9\tex\latex\was\upgreek.sty
Package: upgreek 2003/02/12 v2.0 (WaS)
Package upgreek Info: Using Euler Roman for upright Greek on input line 31.
\symugrf@m=\mathgroup6
LaTeX Font Info:    Overwriting symbol font `ugrf@m' in version `bold'
(Font)                  U/eur/m/n --> U/eur/b/n on input line 38.
)
(C:\Users\Daniel\fp\QHE\main.aux

LaTeX Warning: Label `fermitabelle' multiply defined.


LaTeX Warning: Label `cref@fermitabelle' multiply defined.

)
LaTeX Font Info:    Checking defaults for OML/cmm/m/it on input line 78.
LaTeX Font Info:    ... okay on input line 78.
LaTeX Font Info:    Checking defaults for T1/cmr/m/n on input line 78.
LaTeX Font Info:    ... okay on input line 78.
LaTeX Font Info:    Checking defaults for OT1/cmr/m/n on input line 78.
LaTeX Font Info:    ... okay on input line 78.
LaTeX Font Info:    Checking defaults for OMS/cmsy/m/n on input line 78.
LaTeX Font Info:    ... okay on input line 78.
LaTeX Font Info:    Checking defaults for OMX/cmex/m/n on input line 78.
LaTeX Font Info:    ... okay on input line 78.
LaTeX Font Info:    Checking defaults for U/cmr/m/n on input line 78.
LaTeX Font Info:    ... okay on input line 78.
LaTeX Font Info:    Checking defaults for PD1/pdf/m/n on input line 78.
LaTeX Font Info:    ... okay on input line 78.
Package caption Info: Begin \AtBeginDocument code.
Package caption3 Info: subfig package 1.2 or 1.3 is loaded.
LaTeX Info: Redefining \subref on input line 78.
Package caption Info: hyperref package is loaded.
Package caption Info: End \AtBeginDocument code.
Package lastpage Info: Please have a look at the pagesLTS package at
(lastpage)             http://www.ctan.org/tex-archive/ 
(lastpage)             macros/latex/contrib/pagesLTS/ 
(lastpage)             or
(lastpage)             http://www.ctan.org/tex-archive/ 
(lastpage)             install/macros/latex/contrib/pagesLTS.tds.zip
(lastpage)             ! on input line 78.
 (C:\Users\Daniel\AppData\Roaming\MiKTeX\2.9\tex\context\base\supp-pdf.mkii
[Loading MPS to PDF converter (version 2006.09.02).]
\scratchcounter=\count314
\scratchdimen=\dimen261
\scratchbox=\box50
\nofMPsegments=\count315
\nofMParguments=\count316
\everyMPshowfont=\toks68
\MPscratchCnt=\count317
\MPscratchDim=\dimen262
\MPnumerator=\count318
\everyMPtoPDFconversion=\toks69
)
\AtBeginShipoutBox=\box51
Package hyperref Info: Link coloring ON on input line 78.
 ("C:\Program Files\Büro\LaTex\MiKTeX 2.9.3972\tex\latex\hyperref\nameref.sty"
Package: nameref 2010/04/30 v2.40 Cross-referencing by name of section
("C:\Program Files\Büro\LaTex\MiKTeX 2.9.3972\tex\latex\oberdiek\refcount.sty"
Package: refcount 2008/08/11 v3.1 Data extraction from references (HO)
)
("C:\Program Files\Büro\LaTex\MiKTeX 2.9.3972\tex\generic\oberdiek\gettitlestri
ng.sty"
Package: gettitlestring 2009/12/18 v1.3 Cleanup title references (HO)
)
\c@section@level=\count319
)
LaTeX Info: Redefining \ref on input line 78.
LaTeX Info: Redefining \pageref on input line 78.
LaTeX Info: Redefining \nameref on input line 78.
 (C:\Users\Daniel\fp\QHE\main.out) (C:\Users\Daniel\fp\QHE\main.out)
\@outlinefile=\write5

ABD: EveryShipout initializing macros
Now handling font encoding TS1 ...
... processing UTF-8 mapping file for font encoding TS1

("C:\Program Files\Büro\LaTex\MiKTeX 2.9.3972\tex\latex\base\ts1enc.dfu"
File: ts1enc.dfu 2008/04/05 v1.1m UTF-8 support for inputenc
   defining Unicode char U+00A2 (decimal 162)
   defining Unicode char U+00A3 (decimal 163)
   defining Unicode char U+00A4 (decimal 164)
   defining Unicode char U+00A5 (decimal 165)
   defining Unicode char U+00A6 (decimal 166)
   defining Unicode char U+00A7 (decimal 167)
   defining Unicode char U+00A8 (decimal 168)
   defining Unicode char U+00A9 (decimal 169)
   defining Unicode char U+00AA (decimal 170)
   defining Unicode char U+00AC (decimal 172)
   defining Unicode char U+00AE (decimal 174)
   defining Unicode char U+00AF (decimal 175)
   defining Unicode char U+00B0 (decimal 176)
   defining Unicode char U+00B1 (decimal 177)
   defining Unicode char U+00B2 (decimal 178)
   defining Unicode char U+00B3 (decimal 179)
   defining Unicode char U+00B4 (decimal 180)
   defining Unicode char U+00B5 (decimal 181)
   defining Unicode char U+00B6 (decimal 182)
   defining Unicode char U+00B7 (decimal 183)
   defining Unicode char U+00B9 (decimal 185)
   defining Unicode char U+00BA (decimal 186)
   defining Unicode char U+00BC (decimal 188)
   defining Unicode char U+00BD (decimal 189)
   defining Unicode char U+00BE (decimal 190)
   defining Unicode char U+00D7 (decimal 215)
   defining Unicode char U+00F7 (decimal 247)
   defining Unicode char U+0192 (decimal 402)
   defining Unicode char U+02C7 (decimal 711)
   defining Unicode char U+02D8 (decimal 728)
   defining Unicode char U+02DD (decimal 733)
   defining Unicode char U+0E3F (decimal 3647)
   defining Unicode char U+2016 (decimal 8214)
   defining Unicode char U+2020 (decimal 8224)
   defining Unicode char U+2021 (decimal 8225)
   defining Unicode char U+2022 (decimal 8226)
   defining Unicode char U+2030 (decimal 8240)
   defining Unicode char U+2031 (decimal 8241)
   defining Unicode char U+203B (decimal 8251)
   defining Unicode char U+203D (decimal 8253)
   defining Unicode char U+2044 (decimal 8260)
   defining Unicode char U+204E (decimal 8270)
   defining Unicode char U+2052 (decimal 8274)
   defining Unicode char U+20A1 (decimal 8353)
   defining Unicode char U+20A4 (decimal 8356)
   defining Unicode char U+20A6 (decimal 8358)
   defining Unicode char U+20A9 (decimal 8361)
   defining Unicode char U+20AB (decimal 8363)
   defining Unicode char U+20AC (decimal 8364)
   defining Unicode char U+20B1 (decimal 8369)
   defining Unicode char U+2103 (decimal 8451)
   defining Unicode char U+2116 (decimal 8470)
   defining Unicode char U+2117 (decimal 8471)
   defining Unicode char U+211E (decimal 8478)
   defining Unicode char U+2120 (decimal 8480)
   defining Unicode char U+2122 (decimal 8482)
   defining Unicode char U+2126 (decimal 8486)
   defining Unicode char U+2127 (decimal 8487)
   defining Unicode char U+212E (decimal 8494)
   defining Unicode char U+2190 (decimal 8592)
   defining Unicode char U+2191 (decimal 8593)
   defining Unicode char U+2192 (decimal 8594)
   defining Unicode char U+2193 (decimal 8595)
   defining Unicode char U+2329 (decimal 9001)
   defining Unicode char U+232A (decimal 9002)
   defining Unicode char U+2422 (decimal 9250)
   defining Unicode char U+25E6 (decimal 9702)
   defining Unicode char U+25EF (decimal 9711)
   defining Unicode char U+266A (decimal 9834)
)
(C:\Users\Daniel\AppData\Roaming\MiKTeX\2.9\tex\latex\beamer\base\translator\di
cts\translator-basic-dictionary\translator-basic-dictionary-English.dict
Dictionary: translator-basic-dictionary, Language: English 
)
\c_siunitx_mathsf_int=\count320
LaTeX Font Info:    Try loading font information for U+msa on input line 78.

("C:\Program Files\Büro\LaTex\MiKTeX 2.9.3972\tex\latex\amsfonts\umsa.fd"
File: umsa.fd 2009/06/22 v3.00 AMS symbols A
)
LaTeX Font Info:    Try loading font information for U+msb on input line 78.

("C:\Program Files\Büro\LaTex\MiKTeX 2.9.3972\tex\latex\amsfonts\umsb.fd"
File: umsb.fd 2009/06/22 v3.00 AMS symbols B
)
\c_siunitx_mathtt_int=\count321


Package natbib Warning: Citation `janssen' on page 1 undefined on input line 12
6.


Underfull \hbox (badness 1199) in paragraph at lines 148--152
\OT1/cmr/m/n/10 so schei-nen die beim La-dungs-trans-port be-tei-lig-ten
 []


Underfull \vbox (badness 10000) has occurred while \output is active []

 [1

{C:/Users/Daniel/AppData/Local/MiKTeX/2.9/pdftex/config/pdftex.map}


]
Underfull \hbox (badness 4036) in paragraph at lines 164--168
\OT1/cmr/m/n/10 Gleichzeitig zu den Pla-te-aus im Hall-wi-der-stand,
 []


Underfull \hbox (badness 1552) in paragraph at lines 164--168
\OT1/cmr/m/n/10 tritt ein an-de-rer be-mer-kens-wer-ter Ef-fekt auf, der
 []


Underfull \hbox (badness 1178) in paragraph at lines 164--168
\OT1/cmr/m/n/10 als Shubnikow-de-Haas-Effekt be-zeich-net wird. Da-
 []


Underfull \hbox (badness 2310) in paragraph at lines 164--168
\OT1/cmr/m/n/10 bei ver-liert der Festk[]orper sei-nen Wi-der-stand in
 []


Underfull \hbox (badness 1953) in paragraph at lines 171--174
\OT1/cmr/m/n/10 Ent-ar-tungs-grad der Land-au-ni-ve-aus ent-spricht. Bei
 []


Underfull \hbox (badness 2205) in paragraph at lines 171--174
\OT1/cmr/m/n/10 man misst den be-schrie-be-nen Shubnikow-de-Haas-
 []


Underfull \hbox (badness 1931) in paragraph at lines 171--174
\OT1/cmr/m/n/10 Land-au-ni-ve-aus un-ter-halb der Fer-mi-ener-gie be-setzt
 []


Underfull \hbox (badness 10000) in paragraph at lines 171--174

 []


Underfull \vbox (badness 10000) has occurred while \output is active []

LaTeX Font Info:    Try loading font information for OMS+cmr on input line 192.


("C:\Program Files\Büro\LaTex\MiKTeX 2.9.3972\tex\latex\base\omscmr.fd"
File: omscmr.fd 1999/05/25 v2.5h Standard LaTeX font definitions
)
LaTeX Font Info:    Font shape `OMS/cmr/m/n' in size <10> not available
(Font)              Font shape `OMS/cmsy/m/n' tried instead on input line 192.

[2]
Underfull \hbox (badness 2521) in paragraph at lines 219--220
[]\OT1/cmr/m/n/10 Hystereseeffekte $\OMS/cmsy/m/n/10 !$ \OT1/cmr/m/n/10 be-rei-
nig-te Da-ten f[]ur den
 []


Underfull \hbox (badness 3108) in paragraph at lines 220--221
[]\OT1/cmr/m/n/10 Fehleranalyse/-absch[]atzung der Span-nungs-mes-
 []

<Data-Plots/05-1,5-Hallplateaus.pdf, id=86, 505.89pt x 331.4784pt>
File: Data-Plots/05-1,5-Hallplateaus.pdf Graphic file (type pdf)

<use Data-Plots/05-1,5-Hallplateaus.pdf>
Overfull \hbox (54.55937pt too wide) in paragraph at lines 254--269
 [] 
 []

[3 <C:/Users/Daniel/fp/QHE/Data-Plots/05-1,5-Hallplateaus.pdf>]
Underfull \hbox (badness 1418) in paragraph at lines 283--285
\OT1/cmr/m/n/10 Der Ver-gleich mit dem Li-te-ra-tur-wert von $\OML/cmm/m/it/10 
R[] \OT1/cmr/m/n/10 =$
 []

<Data-Plots/02-Hallsteigung.pdf, id=184, 578.16pt x 433.62pt>
File: Data-Plots/02-Hallsteigung.pdf Graphic file (type pdf)

<use Data-Plots/02-Hallsteigung.pdf>

LaTeX Warning: Reference `nswerte' on page 4 undefined on input line 302.

[4 <C:/Users/Daniel/fp/QHE/Data-Plots/02-Hallsteigung.pdf>]

LaTeX Warning: No positions in optional float specifier.
               Default added (so using `tbp') on input line 377.

<Data-Plots/06-Fourietransformation.pdf, id=248, 683.85486pt x 484.209pt>
File: Data-Plots/06-Fourietransformation.pdf Graphic file (type pdf)

<use Data-Plots/06-Fourietransformation.pdf>
Underfull \hbox (badness 10000) in paragraph at lines 380--380
[]\OT1/cmr/bx/n/9 Abb. 3: |\OT1/cmr/m/n/9 Disktre-te Fou-rie-trans-for-ma-ti-on
 des
 []


Underfull \hbox (badness 10000) in paragraph at lines 380--380
\OT1/cmr/m/n/9 L[]angsiwderstandes auf-ge-tra-gen []uber die Pe-ri-
 []

[5 <C:/Users/Daniel/fp/QHE/Data-Plots/06-Fourietransformation.pdf>]

LaTeX Warning: Reference `nswerte' on page 6 undefined on input line 394.


Underfull \hbox (badness 10000) in paragraph at lines 408--408
[]\OT1/cmr/bx/n/9 Tab. 3: |\OT1/cmr/m/n/9 Fermi-Energie /-Wellenvektor und -
 []

LaTeX Font Info:    Try loading font information for TS1+cmr on input line 424.

("C:\Program Files\Büro\LaTex\MiKTeX 2.9.3972\tex\latex\base\ts1cmr.fd"
File: ts1cmr.fd 1999/05/25 v2.5h Standard LaTeX font definitions
)
Overfull \hbox (15.8387pt too wide) in paragraph at lines 433--443
 [] 
 []


Package natbib Warning: Citation `ando' on page 6 undefined on input line 454.

<Data-Plots/11-4,2-2,1-zyklotron-B.pdf, id=320, 505.89pt x 331.4784pt>
File: Data-Plots/11-4,2-2,1-zyklotron-B.pdf Graphic file (type pdf)

<use Data-Plots/11-4,2-2,1-zyklotron-B.pdf>
<Data-Plots/12-4,2-2,1-zyklotron-1-B.pdf, id=324, 505.89pt x 331.4784pt>
File: Data-Plots/12-4,2-2,1-zyklotron-1-B.pdf Graphic file (type pdf)

<use Data-Plots/12-4,2-2,1-zyklotron-1-B.pdf> [6 <C:/Users/Daniel/fp/QHE/Data-P
lots/11-4,2-2,1-zyklotron-B.pdf>]
Underfull \hbox (badness 10000) in paragraph at lines 491--491
[]\OT1/cmr/bx/n/9 Tab. 5: |\OT1/cmr/m/n/9 Be-rech-nung des Zy-klo-tron-mas-sen-

 []


Underfull \hbox (badness 10000) in paragraph at lines 505--510
[]\OT1/cmr/m/n/10 Fehlerbeschreibung und /-
 []


Underfull \hbox (badness 1092) in paragraph at lines 512--513
\OT1/cmr/m/n/10 F[]ur Elek-tro-nen, die sich im Festk[]orper auf-hal-ten,
 []


Underfull \vbox (badness 3417) has occurred while \output is active []



LaTeX Warning: Reference `Fermi' on page 7 undefined on input line 523.


Underfull \hbox (badness 10000) in paragraph at lines 537--537
[]\OT1/cmr/bx/n/9 Tab. 6: |\OT1/cmr/m/n/9 Fermi-Energie /-Wellenvektor und -
 []

[7 <C:/Users/Daniel/fp/QHE/Data-Plots/12-4,2-2,1-zyklotron-1-B.pdf>]
(C:\Users\Daniel\fp\QHE\main.bbl
Underfull \hbox (badness 10000) in paragraph at lines 17--25
$\OT1/cmtt/m/n/9 fileadmin / 11999999 / Aufgabenstellung _ QHE . pdf$[][]\OT1/c
mr/m/n/9 . --
 []


Underfull \hbox (badness 10000) in paragraph at lines 28--33
[]\OT1/cmr/m/sc/9 Universit[]at des Saar-lan-des\OT1/cmr/m/n/9 :  \OT1/cmr/m/it
/9 Ma-te-ri-al-
 []


Underfull \hbox (badness 4518) in paragraph at lines 28--33
\OT1/cmr/m/it/9 kon-stan-ten\OT1/cmr/m/n/9 .  Sep-tem-ber 2013. --  URL [][]$\O
T1/cmtt/m/n/9 http :$
 []


Underfull \hbox (badness 10000) in paragraph at lines 28--33
$\OT1/cmtt/m/n/9 / / www . uni-[]saarland . de / fileadmin / user _ upload /$
 []


Underfull \hbox (badness 10000) in paragraph at lines 28--33
$\OT1/cmtt/m/n/9 Professoren / fr74 _ ProfMoeller / Vorlesung / V _$
 []


Underfull \hbox (badness 10000) in paragraph at lines 28--33
$\OT1/cmtt/m/n/9 Erster _ Studienabschnitt _ Bachelor / V _ B _ Aktuelle _$
 []

) [8

] <Data-Plots/02-4,2-Hallplateaus.pdf, id=527, 505.89pt x 331.4784pt>
File: Data-Plots/02-4,2-Hallplateaus.pdf Graphic file (type pdf)

<use Data-Plots/02-4,2-Hallplateaus.pdf>
<Data-Plots/03-3,0-Hallplateaus.pdf, id=528, 505.89pt x 331.4784pt>
File: Data-Plots/03-3,0-Hallplateaus.pdf Graphic file (type pdf)

<use Data-Plots/03-3,0-Hallplateaus.pdf>
<Data-Plots/04-2,1-Hallplateaus.pdf, id=529, 505.89pt x 331.4784pt>
File: Data-Plots/04-2,1-Hallplateaus.pdf Graphic file (type pdf)

<use Data-Plots/04-2,1-Hallplateaus.pdf> AED: lastpage setting LastPage 
[9

 <C:/Users/Daniel/fp/QHE/Data-Plots/02-4,2-Hallplateaus.pdf>] [10 <C:/Users/Dan
iel/fp/QHE/Data-Plots/03-3,0-Hallplateaus.pdf>] [11 <C:/Users/Daniel/fp/QHE/Dat
a-Plots/04-2,1-Hallplateaus.pdf>]

Package natbib Warning: There were undefined citations.

Package atveryend Info: Empty hook `BeforeClearDocument' on input line 637.
Package atveryend Info: Empty hook `AfterLastShipout' on input line 637.
(C:\Users\Daniel\fp\QHE\main.aux)
Package atveryend Info: Executing hook `AtVeryEndDocument' on input line 637.
Package rerunfilecheck Info: File `main.out' has not changed.
(rerunfilecheck)             Checksum: D7E632A88CC435D94A7E8283A7085270;813.


LaTeX Warning: There were undefined references.


LaTeX Warning: There were multiply-defined labels.

 ) 
Here is how much of TeX's memory you used:
 26329 strings out of 494019
 508797 string characters out of 3139519
 596281 words of memory out of 3000000
 28984 multiletter control sequences out of 15000+200000
 21884 words of font info for 82 fonts, out of 3000000 for 9000
 714 hyphenation exceptions out of 8191
 69i,17n,57p,883b,789s stack positions out of 5000i,500n,10000p,200000b,50000s
{C:/Users/Daniel/AppData/Roaming/MiKTeX/2.9/fonts/enc/dvips/cm-super/cm-super
-ts1.enc}<C:/Program Files/Büro/LaTex/MiKTeX 2.9.3972/fonts/type1/public/amsfon
ts/cm/cmbx10.pfb><C:/Program Files/Büro/LaTex/MiKTeX 2.9.3972/fonts/type1/publi
c/amsfonts/cm/cmbx9.pfb><C:/Program Files/Büro/LaTex/MiKTeX 2.9.3972/fonts/type
1/public/amsfonts/cm/cmcsc10.pfb><C:/Program Files/Büro/LaTex/MiKTeX 2.9.3972/f
onts/type1/public/amsfonts/cm/cmex10.pfb><C:/Program Files/Büro/LaTex/MiKTeX 2.
9.3972/fonts/type1/public/amsfonts/cm/cmmi10.pfb><C:/Program Files/Büro/LaTex/M
iKTeX 2.9.3972/fonts/type1/public/amsfonts/cm/cmmi5.pfb><C:/Program Files/Büro/
LaTex/MiKTeX 2.9.3972/fonts/type1/public/amsfonts/cm/cmmi6.pfb><C:/Program File
s/Büro/LaTex/MiKTeX 2.9.3972/fonts/type1/public/amsfonts/cm/cmmi7.pfb><C:/Progr
am Files/Büro/LaTex/MiKTeX 2.9.3972/fonts/type1/public/amsfonts/cm/cmmi9.pfb><C
:/Program Files/Büro/LaTex/MiKTeX 2.9.3972/fonts/type1/public/amsfonts/cm/cmmib
10.pfb><C:/Program Files/Büro/LaTex/MiKTeX 2.9.3972/fonts/type1/public/amsfonts
/cm/cmr10.pfb><C:/Program Files/Büro/LaTex/MiKTeX 2.9.3972/fonts/type1/public/a
msfonts/cm/cmr12.pfb><C:/Program Files/Büro/LaTex/MiKTeX 2.9.3972/fonts/type1/p
ublic/amsfonts/cm/cmr5.pfb><C:/Program Files/Büro/LaTex/MiKTeX 2.9.3972/fonts/t
ype1/public/amsfonts/cm/cmr6.pfb><C:/Program Files/Büro/LaTex/MiKTeX 2.9.3972/f
onts/type1/public/amsfonts/cm/cmr7.pfb><C:/Program Files/Büro/LaTex/MiKTeX 2.9.
3972/fonts/type1/public/amsfonts/cm/cmr9.pfb><C:/Program Files/Büro/LaTex/MiKTe
X 2.9.3972/fonts/type1/public/amsfonts/cm/cmssbx10.pfb><C:/Program Files/Büro/L
aTex/MiKTeX 2.9.3972/fonts/type1/public/amsfonts/cm/cmsy10.pfb><C:/Program File
s/Büro/LaTex/MiKTeX 2.9.3972/fonts/type1/public/amsfonts/cm/cmsy5.pfb><C:/Progr
am Files/Büro/LaTex/MiKTeX 2.9.3972/fonts/type1/public/amsfonts/cm/cmsy7.pfb><C
:/Program Files/Büro/LaTex/MiKTeX 2.9.3972/fonts/type1/public/amsfonts/cm/cmti1
0.pfb><C:/Program Files/Büro/LaTex/MiKTeX 2.9.3972/fonts/type1/public/amsfonts/
cm/cmti9.pfb><C:/Program Files/Büro/LaTex/MiKTeX 2.9.3972/fonts/type1/public/am
sfonts/cm/cmtt9.pfb><C:/Program Files/Büro/LaTex/MiKTeX 2.9.3972/fonts/type1/pu
blic/amsfonts/euler/eurm10.pfb><C:/Program Files/Büro/LaTex/MiKTeX 2.9.3972/fon
ts/type1/public/amsfonts/symbols/msbm10.pfb><C:/Program Files/Büro/LaTex/MiKTeX
 2.9.3972/fonts/type1/public/amsfonts/symbols/msbm7.pfb><C:/Users/Daniel/AppDat
a/Roaming/MiKTeX/2.9/fonts/type1/public/cm-super/sfrm1000.pfb>
Output written on main.pdf (11 pages, 768691 bytes).
PDF statistics:
 866 PDF objects out of 1000 (max. 8388607)
 72 named destinations out of 1000 (max. 500000)
 149 words of extra memory for PDF output out of 10000 (max. 10000000)

